<?xml version="1.0" encoding="UTF-8"?>
<!-- Generated by org.testng.reporters.JUnitReportReporter -->
<testsuite hostname="DESKTOP-RIEDNBO" failures="0" tests="1" name="parallel_execution.C" time="27.240" errors="0" timestamp="2022-11-03T10:04:52 IST" skipped="0">
  <testcase classname="parallel_execution.C" name="tc1" time="27.240"/>
  <system-out/>
</testsuite> <!-- parallel_execution.C -->
